\BOOKMARK [1][-]{section.1}{Introduction}{}% 1
\BOOKMARK [1][-]{section.2}{Research Description and Thesis Contributions}{}% 2
\BOOKMARK [2][-]{subsection.2.1}{Research Goals}{section.2}% 3
\BOOKMARK [2][-]{subsection.2.2}{Papers Included in the Thesis}{section.2}% 4
\BOOKMARK [3][-]{subsubsection.2.2.1}{Paper A}{subsection.2.2}% 5
\BOOKMARK [3][-]{subsubsection.2.2.2}{Paper B}{subsection.2.2}% 6
\BOOKMARK [3][-]{subsubsection.2.2.3}{Paper C}{subsection.2.2}% 7
\BOOKMARK [3][-]{subsubsection.2.2.4}{Paper D}{subsection.2.2}% 8
\BOOKMARK [3][-]{subsubsection.2.2.5}{Paper E}{subsection.2.2}% 9
\BOOKMARK [3][-]{subsubsection.2.2.6}{Paper F}{subsection.2.2}% 10
\BOOKMARK [2][-]{subsection.2.3}{Thesis Contributions}{section.2}% 11
\BOOKMARK [3][-]{subsubsection.2.3.1}{Contribution 1 - The ReSA Language}{subsection.2.3}% 12
\BOOKMARK [3][-]{subsubsection.2.3.2}{Contribution 2 - Formal Semantics of the ReSA Language}{subsection.2.3}% 13
\BOOKMARK [3][-]{subsubsection.2.3.3}{Contribution 3 - Consistency Checking of Requirements Specifications}{subsection.2.3}% 14
\BOOKMARK [3][-]{subsubsection.2.3.4}{Contribution 4 - The ReSA Toolchain}{subsection.2.3}% 15
\BOOKMARK [3][-]{subsubsection.2.3.5}{Contribution 5 - Efficient Allocation of Multirate Software Application onto Network of Computation Nodes}{subsection.2.3}% 16
\BOOKMARK [3][-]{subsubsection.2.3.6}{Contribution 6 - Formal Analysis of Multirate Simulink Models}{subsection.2.3}% 17
\BOOKMARK [1][-]{section.3}{Research Methodology}{}% 18
\BOOKMARK [1][-]{section.4}{Thesis Outline}{}% 19
\BOOKMARK [1][-]{section.5}{Progress and Time Plan}{}% 20
\BOOKMARK [2][-]{subsection.5.1}{Courses}{section.5}% 21
\BOOKMARK [2][-]{subsection.5.2}{Time Plan}{section.5}% 22
\BOOKMARK [2][-]{subsection.5.3}{Thesis Opponent and Committee}{section.5}% 23
\BOOKMARK [1][-]{section.6}{Third Cycle Outcome}{}% 24
\BOOKMARK [1][-]{section.7}{Related Work}{}% 25
\BOOKMARK [2][-]{subsection.7.1}{Requirements Specification and Analysis}{section.7}% 26
\BOOKMARK [2][-]{subsection.7.2}{Optimal Allocation of Software Architectures}{section.7}% 27
\BOOKMARK [2][-]{subsection.7.3}{Formal Analysis of Simulink Models}{section.7}% 28
\BOOKMARK [1][-]{section.8}{Conclusions and Future Work}{}% 29
